\BOOKMARK [1][-]{section.1}{\376\377\000P\000r\000e\000a\000m\000b\000l\000e}{}% 1
\BOOKMARK [1][-]{section.2}{\376\377\000B\000a\000s\000e\000\040\000m\000o\000d\000e\000l\000\040\000c\000o\000n\000s\000t\000r\000u\000c\000t\000i\000o\000n}{}% 2
\BOOKMARK [2][-]{subsection.2.1}{\376\377\000P\000l\000a\000t\000f\000o\000r\000m\000\040\000f\000o\000r\000\040\000i\000n\000f\000e\000c\000t\000i\000o\000u\000s\000\040\000d\000i\000s\000e\000a\000s\000e\000\040\000d\000y\000n\000a\000m\000i\000c\000s\000\040\000s\000i\000m\000u\000l\000a\000t\000i\000o\000n}{section.2}% 3
\BOOKMARK [2][-]{subsection.2.2}{\376\377\000B\000a\000s\000e\000\040\000C\000O\000V\000I\000D\000-\0001\0009\000\040\000m\000o\000d\000e\000l}{section.2}% 4
\BOOKMARK [2][-]{subsection.2.3}{\376\377\000A\000g\000e\000\040\000s\000t\000r\000a\000t\000i\000f\000i\000c\000a\000t\000i\000o\000n}{section.2}% 5
\BOOKMARK [2][-]{subsection.2.4}{\376\377\000C\000o\000n\000t\000a\000c\000t\000\040\000m\000a\000t\000r\000i\000c\000e\000s\000\040\000c\000o\000n\000s\000t\000r\000u\000c\000t\000i\000o\000n}{section.2}% 6
\BOOKMARK [2][-]{subsection.2.5}{\376\377\000C\000l\000i\000n\000i\000c\000a\000l\000\040\000s\000t\000r\000a\000t\000i\000f\000i\000c\000a\000t\000i\000o\000n}{section.2}% 7
\BOOKMARK [2][-]{subsection.2.6}{\376\377\000H\000o\000s\000p\000i\000t\000a\000l\000i\000s\000a\000t\000i\000o\000n}{section.2}% 8
\BOOKMARK [2][-]{subsection.2.7}{\376\377\000I\000n\000f\000e\000c\000t\000i\000o\000u\000s\000n\000e\000s\000s}{section.2}% 9
\BOOKMARK [2][-]{subsection.2.8}{\376\377\000A\000p\000p\000l\000i\000c\000a\000t\000i\000o\000n\000\040\000o\000f\000\040\000C\000O\000V\000I\000D\000-\0001\0009\000-\000r\000e\000l\000a\000t\000e\000d\000\040\000d\000e\000a\000t\000h}{section.2}% 10
\BOOKMARK [1][-]{section.3}{\376\377\000C\000a\000s\000e\000\040\000d\000e\000t\000e\000c\000t\000i\000o\000n\000\040\000a\000n\000d\000\040\000i\000s\000o\000l\000a\000t\000i\000o\000n}{}% 11
\BOOKMARK [2][-]{subsection.3.1}{\376\377\000D\000e\000t\000e\000r\000m\000i\000n\000i\000n\000g\000\040\000t\000h\000e\000\040\000p\000r\000o\000p\000o\000r\000t\000i\000o\000n\000\040\000o\000f\000\040\000c\000a\000s\000e\000s\000\040\000d\000e\000t\000e\000c\000t\000e\000d}{section.3}% 12
\BOOKMARK [2][-]{subsection.3.2}{\376\377\000I\000s\000o\000l\000a\000t\000i\000o\000n\000\040\000o\000f\000\040\000d\000e\000t\000e\000c\000t\000e\000d\000\040\000c\000a\000s\000e\000s}{section.3}% 13
\BOOKMARK [1][-]{section.4}{\376\377\000C\000o\000n\000t\000a\000c\000t\000\040\000t\000r\000a\000c\000i\000n\000g\000\040\000a\000n\000d\000\040\000q\000u\000a\000r\000a\000n\000t\000i\000n\000e}{}% 14
\BOOKMARK [2][-]{subsection.4.1}{\376\377\000M\000o\000d\000e\000l\000\040\000a\000d\000a\000p\000t\000a\000t\000i\000o\000n}{section.4}% 15
\BOOKMARK [2][-]{subsection.4.2}{\376\377\000C\000o\000n\000t\000a\000c\000t\000\040\000t\000r\000a\000c\000i\000n\000g\000\040\000p\000r\000o\000c\000e\000s\000s}{section.4}% 16
\BOOKMARK [2][-]{subsection.4.3}{\376\377\000T\000e\000s\000t\000i\000n\000g\000\040\000d\000a\000t\000a}{section.4}% 17
\BOOKMARK [1][-]{section.5}{\376\377\000I\000m\000p\000l\000e\000m\000e\000n\000t\000a\000t\000i\000o\000n\000\040\000o\000f\000\040\000n\000o\000n\000-\000p\000h\000a\000r\000m\000a\000c\000e\000u\000t\000i\000c\000a\000l\000\040\000i\000n\000t\000e\000r\000v\000e\000n\000t\000i\000o\000n\000s}{}% 18
\BOOKMARK [2][-]{subsection.5.1}{\376\377\000I\000s\000o\000l\000a\000t\000i\000o\000n\000\040\000a\000n\000d\000\040\000q\000u\000a\000r\000a\000n\000t\000i\000n\000e}{section.5}% 19
\BOOKMARK [2][-]{subsection.5.2}{\376\377\000C\000o\000m\000m\000u\000n\000i\000t\000y\000\040\000q\000u\000a\000r\000a\000n\000t\000i\000n\000e\000\040\000o\000r\000\040\000`\000`\000l\000o\000c\000k\000d\000o\000w\000n\000"\000\040\000m\000e\000a\000s\000u\000r\000e\000s}{section.5}% 20
\BOOKMARK [2][-]{subsection.5.3}{\376\377\000S\000c\000h\000o\000o\000l\000\040\000c\000l\000o\000s\000u\000r\000e\000s\000/\000r\000e\000-\000o\000p\000e\000n\000i\000n\000g\000s}{section.5}% 21
\BOOKMARK [2][-]{subsection.5.4}{\376\377\000W\000o\000r\000k\000p\000l\000a\000c\000e\000\040\000c\000l\000o\000s\000u\000r\000e\000s}{section.5}% 22
\BOOKMARK [2][-]{subsection.5.5}{\376\377\000C\000o\000m\000m\000u\000n\000i\000t\000y\000-\000w\000i\000d\000e\000\040\000m\000o\000v\000e\000m\000e\000n\000t\000\040\000r\000e\000s\000t\000r\000i\000c\000t\000i\000o\000n}{section.5}% 23
\BOOKMARK [2][-]{subsection.5.6}{\376\377\000H\000o\000u\000s\000e\000h\000o\000l\000d\000\040\000c\000o\000n\000t\000a\000c\000t\000s}{section.5}% 24
\BOOKMARK [2][-]{subsection.5.7}{\376\377\000M\000i\000c\000r\000o\000d\000i\000s\000t\000a\000n\000c\000i\000n\000g}{section.5}% 25
\BOOKMARK [1][-]{section.6}{\376\377\000S\000i\000m\000u\000l\000a\000t\000i\000o\000n\000\040\000o\000f\000\040\000l\000o\000c\000a\000l\000\040\000N\000P\000I\000\040\000i\000m\000p\000l\000e\000m\000e\000n\000t\000a\000t\000i\000o\000n\000\040\000d\000u\000r\000i\000n\000g\000\040\000V\000i\000c\000t\000o\000r\000i\000a\000'\000s\000\040\000s\000e\000c\000o\000n\000d\000\040\000w\000a\000v\000e}{}% 26
\BOOKMARK [2][-]{subsection.6.1}{\376\377\000S\000c\000h\000o\000o\000l\000\040\000c\000l\000o\000s\000u\000r\000e\000s}{section.6}% 27
\BOOKMARK [2][-]{subsection.6.2}{\376\377\000M\000a\000c\000r\000o\000d\000i\000s\000t\000a\000n\000c\000i\000n\000g\000\040\000i\000n\000\040\000w\000o\000r\000k\000p\000l\000a\000c\000e\000s\000\040\000a\000n\000d\000\040\000o\000t\000h\000e\000r\000\040\000l\000o\000c\000a\000t\000i\000o\000n\000s}{section.6}% 28
\BOOKMARK [2][-]{subsection.6.3}{\376\377\000M\000i\000c\000r\000o\000d\000i\000s\000t\000a\000n\000c\000i\000n\000g\000\040\000a\000p\000p\000r\000o\000a\000c\000h}{section.6}% 29
\BOOKMARK [1][-]{section.7}{\376\377\000B\000e\000t\000w\000e\000e\000n\000\040\000s\000e\000r\000v\000i\000c\000e\000\040\000m\000i\000x\000i\000n\000g}{}% 30
\BOOKMARK [1][-]{section.8}{\376\377\000M\000o\000d\000e\000l\000\040\000i\000n\000i\000t\000i\000a\000l\000i\000s\000a\000t\000i\000o\000n}{}% 31
\BOOKMARK [1][-]{section.9}{\376\377\000V\000a\000c\000c\000i\000n\000a\000t\000i\000o\000n}{}% 32
\BOOKMARK [2][-]{subsection.9.1}{\376\377\000M\000o\000d\000e\000l\000\040\000s\000t\000r\000u\000c\000t\000u\000r\000e}{section.9}% 33
\BOOKMARK [2][-]{subsection.9.2}{\376\377\000V\000a\000c\000c\000i\000n\000a\000t\000i\000o\000n\000\040\000p\000r\000o\000c\000e\000s\000s}{section.9}% 34
\BOOKMARK [1][-]{section.10}{\376\377\000P\000a\000r\000a\000m\000e\000t\000e\000r\000s}{}% 35
\BOOKMARK [2][-]{subsection.10.1}{\376\377\000N\000o\000n\000-\000a\000g\000e\000-\000s\000t\000r\000a\000t\000i\000f\000i\000e\000d\000\040\000p\000a\000r\000a\000m\000e\000t\000e\000r\000s}{section.10}% 36
\BOOKMARK [2][-]{subsection.10.2}{\376\377\000A\000g\000e\000-\000s\000p\000e\000c\000i\000f\000i\000c\000\040\000p\000a\000r\000a\000m\000e\000t\000e\000r\000s}{section.10}% 37
\BOOKMARK [1][-]{section.11}{\376\377\000C\000a\000l\000c\000u\000l\000a\000t\000i\000o\000n\000\040\000o\000f\000\040\000o\000u\000t\000p\000u\000t\000s}{}% 38
\BOOKMARK [2][-]{subsection.11.1}{\376\377\000I\000n\000c\000i\000d\000e\000n\000c\000e}{section.11}% 39
\BOOKMARK [2][-]{subsection.11.2}{\376\377\000H\000o\000s\000p\000i\000t\000a\000l\000\040\000o\000c\000c\000u\000p\000a\000n\000c\000y}{section.11}% 40
\BOOKMARK [2][-]{subsection.11.3}{\376\377\000I\000C\000U\000\040\000o\000c\000c\000u\000p\000a\000n\000c\000y}{section.11}% 41
\BOOKMARK [2][-]{subsection.11.4}{\376\377\000R\000e\000c\000o\000v\000e\000r\000e\000d\000\040\000p\000r\000o\000p\000o\000r\000t\000i\000o\000n}{section.11}% 42
\BOOKMARK [2][-]{subsection.11.5}{\376\377\000C\000O\000V\000I\000D\000-\0001\0009\000-\000r\000e\000l\000a\000t\000e\000d\000\040\000m\000o\000r\000t\000a\000l\000i\000t\000y}{section.11}% 43
\BOOKMARK [2][-]{subsection.11.6}{\376\377\000N\000o\000t\000i\000f\000i\000c\000a\000t\000i\000o\000n\000s}{section.11}% 44
\BOOKMARK [1][-]{section.12}{\376\377\000C\000a\000l\000i\000b\000r\000a\000t\000i\000o\000n}{}% 45
\BOOKMARK [2][-]{subsection.12.1}{\376\377\000R\000a\000t\000i\000o\000n\000a\000l\000e\000\040\000f\000o\000r\000\040\000s\000e\000r\000v\000i\000c\000e\000-\000s\000p\000e\000c\000i\000f\000i\000c\000\040\000t\000a\000r\000g\000e\000t\000s}{section.12}% 46
\BOOKMARK [2][-]{subsection.12.2}{\376\377\000A\000s\000s\000i\000g\000n\000i\000n\000g\000\040\000t\000a\000r\000g\000e\000t\000s\000\040\000t\000o\000\040\000s\000e\000r\000v\000i\000c\000e\000s}{section.12}% 47
\BOOKMARK [2][-]{subsection.12.3}{\376\377\000V\000a\000r\000i\000a\000t\000i\000o\000n\000\040\000o\000f\000\040\000a\000g\000e\000-\000s\000p\000e\000c\000i\000f\000i\000c\000\040\000p\000r\000o\000p\000o\000r\000t\000i\000o\000n\000\040\000p\000a\000r\000a\000m\000e\000t\000e\000r\000s\000\040\000u\000s\000i\000n\000g\000\040\000`\000`\000a\000d\000j\000u\000s\000t\000e\000r\000"\000\040\000p\000a\000r\000a\000m\000e\000t\000e\000r\000s}{section.12}% 48
\BOOKMARK [2][-]{subsection.12.4}{\376\377\000V\000a\000r\000i\000a\000t\000i\000o\000n\000\040\000o\000f\000\040\000t\000h\000e\000\040\000p\000r\000o\000p\000o\000r\000t\000i\000o\000n\000\040\000o\000f\000\040\000p\000a\000t\000i\000e\000n\000t\000s\000\040\000h\000o\000s\000p\000i\000t\000a\000l\000i\000s\000e\000d}{section.12}% 49
\BOOKMARK [1][-]{section.13}{\376\377\000L\000i\000k\000e\000l\000i\000h\000o\000o\000d\000\040\000f\000u\000n\000c\000t\000i\000o\000n}{}% 50
\BOOKMARK [1][-]{section.14}{\376\377\000O\000r\000d\000i\000n\000a\000r\000y\000\040\000d\000i\000f\000f\000e\000r\000e\000n\000t\000i\000a\000l\000\040\000e\000q\000u\000a\000t\000i\000o\000n\000s}{}% 51
\BOOKMARK [1][-]{section.15}{\376\377\000I\000m\000p\000l\000e\000m\000e\000n\000t\000a\000t\000i\000o\000n\000\040\000o\000f\000\040\000t\000h\000e\000\040\000r\000o\000a\000d\000m\000a\000p}{}% 52
